<?xml version="1.0" encoding="UTF-8"?>
<testsuite name="com.hpaper.book.springboot.web.HelloControllerTest" tests="2" skipped="0" failures="0" errors="0" timestamp="2021-07-16T03:10:40" hostname="nohyeonjongs-MacBook-Pro.local" time="0.129">
  <properties/>
  <testcase name="helloDto" classname="com.hpaper.book.springboot.web.HelloControllerTest" time="0.126"/>
  <testcase name="hello가_리턴된다" classname="com.hpaper.book.springboot.web.HelloControllerTest" time="0.003"/>
  <system-out><![CDATA[12:10:38.953 [Test worker] DEBUG org.springframework.test.context.junit4.SpringJUnit4ClassRunner - SpringJUnit4ClassRunner constructor called with [class com.hpaper.book.springboot.web.HelloControllerTest]
12:10:38.955 [Test worker] DEBUG org.springframework.test.context.BootstrapUtils - Instantiating CacheAwareContextLoaderDelegate from class [org.springframework.test.context.cache.DefaultCacheAwareContextLoaderDelegate]
12:10:38.958 [Test worker] DEBUG org.springframework.test.context.BootstrapUtils - Instantiating BootstrapContext using constructor [public org.springframework.test.context.support.DefaultBootstrapContext(java.lang.Class,org.springframework.test.context.CacheAwareContextLoaderDelegate)]
12:10:38.967 [Test worker] DEBUG org.springframework.test.context.BootstrapUtils - Instantiating TestContextBootstrapper for test class [com.hpaper.book.springboot.web.HelloControllerTest] from class [org.springframework.boot.test.autoconfigure.web.servlet.WebMvcTestContextBootstrapper]
12:10:38.975 [Test worker] INFO org.springframework.boot.test.autoconfigure.web.servlet.WebMvcTestContextBootstrapper - Neither @ContextConfiguration nor @ContextHierarchy found for test class [com.hpaper.book.springboot.web.HelloControllerTest], using SpringBootContextLoader
12:10:38.976 [Test worker] DEBUG org.springframework.test.context.support.AbstractContextLoader - Did not detect default resource location for test class [com.hpaper.book.springboot.web.HelloControllerTest]: class path resource [com/hpaper/book/springboot/web/HelloControllerTest-context.xml] does not exist
12:10:38.976 [Test worker] DEBUG org.springframework.test.context.support.AbstractContextLoader - Did not detect default resource location for test class [com.hpaper.book.springboot.web.HelloControllerTest]: class path resource [com/hpaper/book/springboot/web/HelloControllerTestContext.groovy] does not exist
12:10:38.976 [Test worker] INFO org.springframework.test.context.support.AbstractContextLoader - Could not detect default resource locations for test class [com.hpaper.book.springboot.web.HelloControllerTest]: no resource found for suffixes {-context.xml, Context.groovy}.
12:10:38.976 [Test worker] INFO org.springframework.test.context.support.AnnotationConfigContextLoaderUtils - Could not detect default configuration classes for test class [com.hpaper.book.springboot.web.HelloControllerTest]: HelloControllerTest does not declare any static, non-private, non-final, nested classes annotated with @Configuration.
12:10:39.005 [Test worker] DEBUG org.springframework.test.context.support.ActiveProfilesUtils - Could not find an 'annotation declaring class' for annotation type [org.springframework.test.context.ActiveProfiles] and class [com.hpaper.book.springboot.web.HelloControllerTest]
12:10:39.042 [Test worker] DEBUG org.springframework.context.annotation.ClassPathScanningCandidateComponentProvider - Identified candidate component class: file [/Users/nohyeonjong/IdeaProjects/hpaperstudy1/build/classes/java/main/com/hpaper/book/springboot/Application.class]
12:10:39.042 [Test worker] INFO org.springframework.boot.test.context.SpringBootTestContextBootstrapper - Found @SpringBootConfiguration com.hpaper.book.springboot.Application for test class com.hpaper.book.springboot.web.HelloControllerTest
12:10:39.043 [Test worker] DEBUG org.springframework.boot.test.autoconfigure.web.servlet.WebMvcTestContextBootstrapper - @TestExecutionListeners is not present for class [com.hpaper.book.springboot.web.HelloControllerTest]: using defaults.
12:10:39.043 [Test worker] INFO org.springframework.boot.test.autoconfigure.web.servlet.WebMvcTestContextBootstrapper - Loaded default TestExecutionListener class names from location [META-INF/spring.factories]: [org.springframework.security.test.context.support.WithSecurityContextTestExecutionListener, org.springframework.security.test.context.support.ReactorContextTestExecutionListener, org.springframework.boot.test.autoconfigure.restdocs.RestDocsTestExecutionListener, org.springframework.boot.test.autoconfigure.web.client.MockRestServiceServerResetTestExecutionListener, org.springframework.boot.test.autoconfigure.web.servlet.MockMvcPrintOnlyOnFailureTestExecutionListener, org.springframework.boot.test.autoconfigure.web.servlet.WebDriverTestExecutionListener, org.springframework.boot.test.mock.mockito.MockitoTestExecutionListener, org.springframework.boot.test.mock.mockito.ResetMocksTestExecutionListener, org.springframework.test.context.web.ServletTestExecutionListener, org.springframework.test.context.support.DirtiesContextBeforeModesTestExecutionListener, org.springframework.test.context.support.DependencyInjectionTestExecutionListener, org.springframework.test.context.support.DirtiesContextTestExecutionListener, org.springframework.test.context.transaction.TransactionalTestExecutionListener, org.springframework.test.context.jdbc.SqlScriptsTestExecutionListener]
12:10:39.051 [Test worker] INFO org.springframework.boot.test.autoconfigure.web.servlet.WebMvcTestContextBootstrapper - Using TestExecutionListeners: [org.springframework.test.context.web.ServletTestExecutionListener@6b253b9f, org.springframework.test.context.support.DirtiesContextBeforeModesTestExecutionListener@56ce244b, org.springframework.boot.test.mock.mockito.MockitoTestExecutionListener@2b61f85f, org.springframework.boot.test.autoconfigure.SpringBootDependencyInjectionTestExecutionListener@1092472e, org.springframework.test.context.support.DirtiesContextTestExecutionListener@52296f60, org.springframework.test.context.transaction.TransactionalTestExecutionListener@75e2e512, org.springframework.test.context.jdbc.SqlScriptsTestExecutionListener@51e558f1, org.springframework.security.test.context.support.WithSecurityContextTestExecutionListener@534cced4, org.springframework.security.test.context.support.ReactorContextTestExecutionListener@4a87f9b2, org.springframework.boot.test.autoconfigure.restdocs.RestDocsTestExecutionListener@28af5f85, org.springframework.boot.test.autoconfigure.web.client.MockRestServiceServerResetTestExecutionListener@53f6a8b1, org.springframework.boot.test.autoconfigure.web.servlet.MockMvcPrintOnlyOnFailureTestExecutionListener@66f9f675, org.springframework.boot.test.autoconfigure.web.servlet.WebDriverTestExecutionListener@1346d971, org.springframework.boot.test.mock.mockito.ResetMocksTestExecutionListener@4147efeb]
12:10:39.051 [Test worker] DEBUG org.springframework.test.annotation.ProfileValueUtils - Retrieved @ProfileValueSourceConfiguration [null] for test class [com.hpaper.book.springboot.web.HelloControllerTest]
12:10:39.051 [Test worker] DEBUG org.springframework.test.annotation.ProfileValueUtils - Retrieved ProfileValueSource type [class org.springframework.test.annotation.SystemProfileValueSource] for class [com.hpaper.book.springboot.web.HelloControllerTest]
12:10:39.052 [Test worker] DEBUG org.springframework.test.annotation.ProfileValueUtils - Retrieved @ProfileValueSourceConfiguration [null] for test class [com.hpaper.book.springboot.web.HelloControllerTest]
12:10:39.052 [Test worker] DEBUG org.springframework.test.annotation.ProfileValueUtils - Retrieved ProfileValueSource type [class org.springframework.test.annotation.SystemProfileValueSource] for class [com.hpaper.book.springboot.web.HelloControllerTest]
12:10:39.053 [Test worker] DEBUG org.springframework.test.context.support.AbstractDirtiesContextTestExecutionListener - Before test class: context [DefaultTestContext@2d933e01 testClass = HelloControllerTest, testInstance = [null], testMethod = [null], testException = [null], mergedContextConfiguration = [WebMergedContextConfiguration@257f1d53 testClass = HelloControllerTest, locations = '{}', classes = '{class com.hpaper.book.springboot.Application}', contextInitializerClasses = '[]', activeProfiles = '{}', propertySourceLocations = '{}', propertySourceProperties = '{org.springframework.boot.test.autoconfigure.web.servlet.WebMvcTestContextBootstrapper=true}', contextCustomizers = set[org.springframework.boot.test.autoconfigure.OverrideAutoConfigurationContextCustomizerFactory$DisableAutoConfigurationContextCustomizer@25018df1, org.springframework.boot.test.autoconfigure.filter.TypeExcludeFiltersContextCustomizer@69bbb916, org.springframework.boot.test.autoconfigure.properties.PropertyMappingContextCustomizer@f817e2df, org.springframework.boot.test.autoconfigure.web.servlet.WebDriverContextCustomizerFactory$Customizer@b498a8e, [ImportsContextCustomizer@1d3014c4 key = [org.springframework.boot.autoconfigure.cache.CacheAutoConfiguration, org.springframework.boot.autoconfigure.context.MessageSourceAutoConfiguration, org.springframework.boot.autoconfigure.data.web.SpringDataWebAutoConfiguration, org.springframework.boot.autoconfigure.freemarker.FreeMarkerAutoConfiguration, org.springframework.boot.autoconfigure.groovy.template.GroovyTemplateAutoConfiguration, org.springframework.boot.autoconfigure.gson.GsonAutoConfiguration, org.springframework.boot.autoconfigure.hateoas.HypermediaAutoConfiguration, org.springframework.boot.autoconfigure.http.HttpMessageConvertersAutoConfiguration, org.springframework.boot.autoconfigure.jackson.JacksonAutoConfiguration, org.springframework.boot.autoconfigure.jsonb.JsonbAutoConfiguration, org.springframework.boot.autoconfigure.mustache.MustacheAutoConfiguration, org.springframework.boot.autoconfigure.task.TaskExecutionAutoConfiguration, org.springframework.boot.autoconfigure.thymeleaf.ThymeleafAutoConfiguration, org.springframework.boot.autoconfigure.validation.ValidationAutoConfiguration, org.springframework.boot.autoconfigure.web.servlet.error.ErrorMvcAutoConfiguration, org.springframework.boot.autoconfigure.web.servlet.WebMvcAutoConfiguration, org.springframework.boot.test.autoconfigure.web.servlet.MockMvcAutoConfiguration, org.springframework.boot.test.autoconfigure.web.servlet.MockMvcSecurityAutoConfiguration, org.springframework.boot.test.autoconfigure.web.servlet.MockMvcWebClientAutoConfiguration, org.springframework.boot.test.autoconfigure.web.servlet.MockMvcWebDriverAutoConfiguration]], org.springframework.boot.test.context.filter.ExcludeFilterContextCustomizer@1db38233, org.springframework.boot.test.json.DuplicateJsonObjectContextCustomizerFactory$DuplicateJsonObjectContextCustomizer@7f740d35, org.springframework.boot.test.mock.mockito.MockitoContextCustomizer@0], resourceBasePath = 'src/main/webapp', contextLoader = 'org.springframework.boot.test.context.SpringBootContextLoader', parent = [null]], attributes = map[[empty]]], class annotated with @DirtiesContext [false] with mode [null].
12:10:39.054 [Test worker] DEBUG org.springframework.test.annotation.ProfileValueUtils - Retrieved @ProfileValueSourceConfiguration [null] for test class [com.hpaper.book.springboot.web.HelloControllerTest]
12:10:39.054 [Test worker] DEBUG org.springframework.test.annotation.ProfileValueUtils - Retrieved ProfileValueSource type [class org.springframework.test.annotation.SystemProfileValueSource] for class [com.hpaper.book.springboot.web.HelloControllerTest]
12:10:39.055 [Test worker] DEBUG org.springframework.test.context.support.DependencyInjectionTestExecutionListener - Performing dependency injection for test context [[DefaultTestContext@2d933e01 testClass = HelloControllerTest, testInstance = com.hpaper.book.springboot.web.HelloControllerTest@466181f, testMethod = [null], testException = [null], mergedContextConfiguration = [WebMergedContextConfiguration@257f1d53 testClass = HelloControllerTest, locations = '{}', classes = '{class com.hpaper.book.springboot.Application}', contextInitializerClasses = '[]', activeProfiles = '{}', propertySourceLocations = '{}', propertySourceProperties = '{org.springframework.boot.test.autoconfigure.web.servlet.WebMvcTestContextBootstrapper=true}', contextCustomizers = set[org.springframework.boot.test.autoconfigure.OverrideAutoConfigurationContextCustomizerFactory$DisableAutoConfigurationContextCustomizer@25018df1, org.springframework.boot.test.autoconfigure.filter.TypeExcludeFiltersContextCustomizer@69bbb916, org.springframework.boot.test.autoconfigure.properties.PropertyMappingContextCustomizer@f817e2df, org.springframework.boot.test.autoconfigure.web.servlet.WebDriverContextCustomizerFactory$Customizer@b498a8e, [ImportsContextCustomizer@1d3014c4 key = [org.springframework.boot.autoconfigure.cache.CacheAutoConfiguration, org.springframework.boot.autoconfigure.context.MessageSourceAutoConfiguration, org.springframework.boot.autoconfigure.data.web.SpringDataWebAutoConfiguration, org.springframework.boot.autoconfigure.freemarker.FreeMarkerAutoConfiguration, org.springframework.boot.autoconfigure.groovy.template.GroovyTemplateAutoConfiguration, org.springframework.boot.autoconfigure.gson.GsonAutoConfiguration, org.springframework.boot.autoconfigure.hateoas.HypermediaAutoConfiguration, org.springframework.boot.autoconfigure.http.HttpMessageConvertersAutoConfiguration, org.springframework.boot.autoconfigure.jackson.JacksonAutoConfiguration, org.springframework.boot.autoconfigure.jsonb.JsonbAutoConfiguration, org.springframework.boot.autoconfigure.mustache.MustacheAutoConfiguration, org.springframework.boot.autoconfigure.task.TaskExecutionAutoConfiguration, org.springframework.boot.autoconfigure.thymeleaf.ThymeleafAutoConfiguration, org.springframework.boot.autoconfigure.validation.ValidationAutoConfiguration, org.springframework.boot.autoconfigure.web.servlet.error.ErrorMvcAutoConfiguration, org.springframework.boot.autoconfigure.web.servlet.WebMvcAutoConfiguration, org.springframework.boot.test.autoconfigure.web.servlet.MockMvcAutoConfiguration, org.springframework.boot.test.autoconfigure.web.servlet.MockMvcSecurityAutoConfiguration, org.springframework.boot.test.autoconfigure.web.servlet.MockMvcWebClientAutoConfiguration, org.springframework.boot.test.autoconfigure.web.servlet.MockMvcWebDriverAutoConfiguration]], org.springframework.boot.test.context.filter.ExcludeFilterContextCustomizer@1db38233, org.springframework.boot.test.json.DuplicateJsonObjectContextCustomizerFactory$DuplicateJsonObjectContextCustomizer@7f740d35, org.springframework.boot.test.mock.mockito.MockitoContextCustomizer@0], resourceBasePath = 'src/main/webapp', contextLoader = 'org.springframework.boot.test.context.SpringBootContextLoader', parent = [null]], attributes = map[[empty]]]].
12:10:39.097 [Test worker] DEBUG org.springframework.test.context.support.TestPropertySourceUtils - Adding inlined properties to environment: {spring.jmx.enabled=false, org.springframework.boot.test.autoconfigure.web.servlet.WebMvcTestContextBootstrapper=true, server.port=-1}

  .   ____          _            __ _ _
 /\\ / ___'_ __ _ _(_)_ __  __ _ \ \ \ \
( ( )\___ | '_ | '_| | '_ \/ _` | \ \ \ \
 \\/  ___)| |_)| | | | | || (_| |  ) ) ) )
  '  |____| .__|_| |_|_| |_\__, | / / / /
 =========|_|==============|___/=/_/_/_/
 :: Spring Boot ::        (v2.1.7.RELEASE)

2021-07-16 12:10:39.659  INFO 12369 --- [    Test worker] c.h.b.s.web.HelloControllerTest          : Starting HelloControllerTest on nohyeonjongs-MacBook-Pro.local with PID 12369 (started by nohyeonjong in /Users/nohyeonjong/IdeaProjects/hpaperstudy1)
2021-07-16 12:10:39.661  INFO 12369 --- [    Test worker] c.h.b.s.web.HelloControllerTest          : No active profile set, falling back to default profiles: default
2021-07-16 12:10:40.205  INFO 12369 --- [    Test worker] o.s.s.concurrent.ThreadPoolTaskExecutor  : Initializing ExecutorService 'applicationTaskExecutor'
2021-07-16 12:10:40.249  INFO 12369 --- [    Test worker] o.s.b.a.w.s.WelcomePageHandlerMapping    : Adding welcome page template: index
2021-07-16 12:10:40.408  INFO 12369 --- [    Test worker] .s.s.UserDetailsServiceAutoConfiguration : 

Using generated security password: 287e2798-7a91-49c4-bef2-71d4a1cbd7e9

2021-07-16 12:10:40.483  INFO 12369 --- [    Test worker] o.s.s.web.DefaultSecurityFilterChain     : Creating filter chain: any request, [org.springframework.security.web.context.request.async.WebAsyncManagerIntegrationFilter@727b78c3, org.springframework.security.web.context.SecurityContextPersistenceFilter@56fd5f46, org.springframework.security.web.header.HeaderWriterFilter@4a4aba6a, org.springframework.security.web.csrf.CsrfFilter@7474eb8f, org.springframework.security.web.authentication.logout.LogoutFilter@1d2efb06, org.springframework.security.web.authentication.UsernamePasswordAuthenticationFilter@3b049867, org.springframework.security.web.authentication.ui.DefaultLoginPageGeneratingFilter@5b5571, org.springframework.security.web.authentication.ui.DefaultLogoutPageGeneratingFilter@249d64e7, org.springframework.security.web.authentication.www.BasicAuthenticationFilter@3955fd40, org.springframework.security.web.savedrequest.RequestCacheAwareFilter@2c46a34b, org.springframework.security.web.servletapi.SecurityContextHolderAwareRequestFilter@2d97e187, org.springframework.security.web.authentication.AnonymousAuthenticationFilter@ea76bda, org.springframework.security.web.session.SessionManagementFilter@68b0ccb0, org.springframework.security.web.access.ExceptionTranslationFilter@4039e53c, org.springframework.security.web.access.intercept.FilterSecurityInterceptor@19e54c48]
2021-07-16 12:10:40.502  INFO 12369 --- [    Test worker] o.s.b.t.m.w.SpringBootMockServletContext : Initializing Spring TestDispatcherServlet ''
2021-07-16 12:10:40.502  INFO 12369 --- [    Test worker] o.s.t.web.servlet.TestDispatcherServlet  : Initializing Servlet ''
2021-07-16 12:10:40.511  INFO 12369 --- [    Test worker] o.s.t.web.servlet.TestDispatcherServlet  : Completed initialization in 9 ms
2021-07-16 12:10:40.533  INFO 12369 --- [    Test worker] c.h.b.s.web.HelloControllerTest          : Started HelloControllerTest in 1.432 seconds (JVM running for 1.865)
]]></system-out>
  <system-err><![CDATA[]]></system-err>
</testsuite>
