<?xml version="1.0" encoding="UTF-8"?>
<testsuite name="com.hpaper.book.springboot.web.HelloControllerTest" tests="2" skipped="0" failures="0" errors="0" timestamp="2021-07-09T03:39:14" hostname="nohyeonjong-ui-MacBookAir.local" time="0.139">
  <properties/>
  <testcase name="helloDto" classname="com.hpaper.book.springboot.web.HelloControllerTest" time="0.136"/>
  <testcase name="hello가_리턴된다" classname="com.hpaper.book.springboot.web.HelloControllerTest" time="0.003"/>
  <system-out><![CDATA[12:39:13.533 [Test worker] DEBUG org.springframework.test.context.junit4.SpringJUnit4ClassRunner - SpringJUnit4ClassRunner constructor called with [class com.hpaper.book.springboot.web.HelloControllerTest]
12:39:13.535 [Test worker] DEBUG org.springframework.test.context.BootstrapUtils - Instantiating CacheAwareContextLoaderDelegate from class [org.springframework.test.context.cache.DefaultCacheAwareContextLoaderDelegate]
12:39:13.538 [Test worker] DEBUG org.springframework.test.context.BootstrapUtils - Instantiating BootstrapContext using constructor [public org.springframework.test.context.support.DefaultBootstrapContext(java.lang.Class,org.springframework.test.context.CacheAwareContextLoaderDelegate)]
12:39:13.547 [Test worker] DEBUG org.springframework.test.context.BootstrapUtils - Instantiating TestContextBootstrapper for test class [com.hpaper.book.springboot.web.HelloControllerTest] from class [org.springframework.boot.test.autoconfigure.web.servlet.WebMvcTestContextBootstrapper]
12:39:13.554 [Test worker] INFO org.springframework.boot.test.autoconfigure.web.servlet.WebMvcTestContextBootstrapper - Neither @ContextConfiguration nor @ContextHierarchy found for test class [com.hpaper.book.springboot.web.HelloControllerTest], using SpringBootContextLoader
12:39:13.555 [Test worker] DEBUG org.springframework.test.context.support.AbstractContextLoader - Did not detect default resource location for test class [com.hpaper.book.springboot.web.HelloControllerTest]: class path resource [com/hpaper/book/springboot/web/HelloControllerTest-context.xml] does not exist
12:39:13.555 [Test worker] DEBUG org.springframework.test.context.support.AbstractContextLoader - Did not detect default resource location for test class [com.hpaper.book.springboot.web.HelloControllerTest]: class path resource [com/hpaper/book/springboot/web/HelloControllerTestContext.groovy] does not exist
12:39:13.555 [Test worker] INFO org.springframework.test.context.support.AbstractContextLoader - Could not detect default resource locations for test class [com.hpaper.book.springboot.web.HelloControllerTest]: no resource found for suffixes {-context.xml, Context.groovy}.
12:39:13.556 [Test worker] INFO org.springframework.test.context.support.AnnotationConfigContextLoaderUtils - Could not detect default configuration classes for test class [com.hpaper.book.springboot.web.HelloControllerTest]: HelloControllerTest does not declare any static, non-private, non-final, nested classes annotated with @Configuration.
12:39:13.583 [Test worker] DEBUG org.springframework.test.context.support.ActiveProfilesUtils - Could not find an 'annotation declaring class' for annotation type [org.springframework.test.context.ActiveProfiles] and class [com.hpaper.book.springboot.web.HelloControllerTest]
12:39:13.615 [Test worker] DEBUG org.springframework.context.annotation.ClassPathScanningCandidateComponentProvider - Identified candidate component class: file [/Users/nohyeonjong/IdeaProjects/hpaperstudy1/build/classes/java/main/com/hpaper/book/springboot/Application.class]
12:39:13.615 [Test worker] INFO org.springframework.boot.test.context.SpringBootTestContextBootstrapper - Found @SpringBootConfiguration com.hpaper.book.springboot.Application for test class com.hpaper.book.springboot.web.HelloControllerTest
12:39:13.616 [Test worker] DEBUG org.springframework.boot.test.autoconfigure.web.servlet.WebMvcTestContextBootstrapper - @TestExecutionListeners is not present for class [com.hpaper.book.springboot.web.HelloControllerTest]: using defaults.
12:39:13.616 [Test worker] INFO org.springframework.boot.test.autoconfigure.web.servlet.WebMvcTestContextBootstrapper - Loaded default TestExecutionListener class names from location [META-INF/spring.factories]: [org.springframework.security.test.context.support.WithSecurityContextTestExecutionListener, org.springframework.security.test.context.support.ReactorContextTestExecutionListener, org.springframework.boot.test.autoconfigure.restdocs.RestDocsTestExecutionListener, org.springframework.boot.test.autoconfigure.web.client.MockRestServiceServerResetTestExecutionListener, org.springframework.boot.test.autoconfigure.web.servlet.MockMvcPrintOnlyOnFailureTestExecutionListener, org.springframework.boot.test.autoconfigure.web.servlet.WebDriverTestExecutionListener, org.springframework.boot.test.mock.mockito.MockitoTestExecutionListener, org.springframework.boot.test.mock.mockito.ResetMocksTestExecutionListener, org.springframework.test.context.web.ServletTestExecutionListener, org.springframework.test.context.support.DirtiesContextBeforeModesTestExecutionListener, org.springframework.test.context.support.DependencyInjectionTestExecutionListener, org.springframework.test.context.support.DirtiesContextTestExecutionListener, org.springframework.test.context.transaction.TransactionalTestExecutionListener, org.springframework.test.context.jdbc.SqlScriptsTestExecutionListener]
12:39:13.626 [Test worker] INFO org.springframework.boot.test.autoconfigure.web.servlet.WebMvcTestContextBootstrapper - Using TestExecutionListeners: [org.springframework.test.context.web.ServletTestExecutionListener@5ea0164f, org.springframework.test.context.support.DirtiesContextBeforeModesTestExecutionListener@70a96d, org.springframework.boot.test.mock.mockito.MockitoTestExecutionListener@24cc51f7, org.springframework.boot.test.autoconfigure.SpringBootDependencyInjectionTestExecutionListener@515e0a8a, org.springframework.test.context.support.DirtiesContextTestExecutionListener@f127c80, org.springframework.test.context.transaction.TransactionalTestExecutionListener@a2c87ce, org.springframework.test.context.jdbc.SqlScriptsTestExecutionListener@4c292c95, org.springframework.security.test.context.support.WithSecurityContextTestExecutionListener@6d8275c0, org.springframework.security.test.context.support.ReactorContextTestExecutionListener@71e8e28c, org.springframework.boot.test.autoconfigure.restdocs.RestDocsTestExecutionListener@1f940988, org.springframework.boot.test.autoconfigure.web.client.MockRestServiceServerResetTestExecutionListener@1adcc36b, org.springframework.boot.test.autoconfigure.web.servlet.MockMvcPrintOnlyOnFailureTestExecutionListener@640e9985, org.springframework.boot.test.autoconfigure.web.servlet.WebDriverTestExecutionListener@52c4fb0a, org.springframework.boot.test.mock.mockito.ResetMocksTestExecutionListener@6da37093]
12:39:13.627 [Test worker] DEBUG org.springframework.test.annotation.ProfileValueUtils - Retrieved @ProfileValueSourceConfiguration [null] for test class [com.hpaper.book.springboot.web.HelloControllerTest]
12:39:13.627 [Test worker] DEBUG org.springframework.test.annotation.ProfileValueUtils - Retrieved ProfileValueSource type [class org.springframework.test.annotation.SystemProfileValueSource] for class [com.hpaper.book.springboot.web.HelloControllerTest]
12:39:13.627 [Test worker] DEBUG org.springframework.test.annotation.ProfileValueUtils - Retrieved @ProfileValueSourceConfiguration [null] for test class [com.hpaper.book.springboot.web.HelloControllerTest]
12:39:13.628 [Test worker] DEBUG org.springframework.test.annotation.ProfileValueUtils - Retrieved ProfileValueSource type [class org.springframework.test.annotation.SystemProfileValueSource] for class [com.hpaper.book.springboot.web.HelloControllerTest]
12:39:13.629 [Test worker] DEBUG org.springframework.test.context.support.AbstractDirtiesContextTestExecutionListener - Before test class: context [DefaultTestContext@685c4c3c testClass = HelloControllerTest, testInstance = [null], testMethod = [null], testException = [null], mergedContextConfiguration = [WebMergedContextConfiguration@5da89ab8 testClass = HelloControllerTest, locations = '{}', classes = '{class com.hpaper.book.springboot.Application}', contextInitializerClasses = '[]', activeProfiles = '{}', propertySourceLocations = '{}', propertySourceProperties = '{org.springframework.boot.test.autoconfigure.web.servlet.WebMvcTestContextBootstrapper=true}', contextCustomizers = set[org.springframework.boot.test.autoconfigure.OverrideAutoConfigurationContextCustomizerFactory$DisableAutoConfigurationContextCustomizer@3d83d88, org.springframework.boot.test.autoconfigure.filter.TypeExcludeFiltersContextCustomizer@dc04b994, org.springframework.boot.test.autoconfigure.properties.PropertyMappingContextCustomizer@aa7dcbcc, org.springframework.boot.test.autoconfigure.web.servlet.WebDriverContextCustomizerFactory$Customizer@259eda7a, [ImportsContextCustomizer@78e9771a key = [org.springframework.boot.autoconfigure.cache.CacheAutoConfiguration, org.springframework.boot.autoconfigure.context.MessageSourceAutoConfiguration, org.springframework.boot.autoconfigure.data.web.SpringDataWebAutoConfiguration, org.springframework.boot.autoconfigure.freemarker.FreeMarkerAutoConfiguration, org.springframework.boot.autoconfigure.groovy.template.GroovyTemplateAutoConfiguration, org.springframework.boot.autoconfigure.gson.GsonAutoConfiguration, org.springframework.boot.autoconfigure.hateoas.HypermediaAutoConfiguration, org.springframework.boot.autoconfigure.http.HttpMessageConvertersAutoConfiguration, org.springframework.boot.autoconfigure.jackson.JacksonAutoConfiguration, org.springframework.boot.autoconfigure.jsonb.JsonbAutoConfiguration, org.springframework.boot.autoconfigure.mustache.MustacheAutoConfiguration, org.springframework.boot.autoconfigure.task.TaskExecutionAutoConfiguration, org.springframework.boot.autoconfigure.thymeleaf.ThymeleafAutoConfiguration, org.springframework.boot.autoconfigure.validation.ValidationAutoConfiguration, org.springframework.boot.autoconfigure.web.servlet.error.ErrorMvcAutoConfiguration, org.springframework.boot.autoconfigure.web.servlet.WebMvcAutoConfiguration, org.springframework.boot.test.autoconfigure.web.servlet.MockMvcAutoConfiguration, org.springframework.boot.test.autoconfigure.web.servlet.MockMvcSecurityAutoConfiguration, org.springframework.boot.test.autoconfigure.web.servlet.MockMvcWebClientAutoConfiguration, org.springframework.boot.test.autoconfigure.web.servlet.MockMvcWebDriverAutoConfiguration]], org.springframework.boot.test.context.filter.ExcludeFilterContextCustomizer@75d44cea, org.springframework.boot.test.json.DuplicateJsonObjectContextCustomizerFactory$DuplicateJsonObjectContextCustomizer@2cfc9f42, org.springframework.boot.test.mock.mockito.MockitoContextCustomizer@0], resourceBasePath = 'src/main/webapp', contextLoader = 'org.springframework.boot.test.context.SpringBootContextLoader', parent = [null]], attributes = map[[empty]]], class annotated with @DirtiesContext [false] with mode [null].
12:39:13.629 [Test worker] DEBUG org.springframework.test.annotation.ProfileValueUtils - Retrieved @ProfileValueSourceConfiguration [null] for test class [com.hpaper.book.springboot.web.HelloControllerTest]
12:39:13.630 [Test worker] DEBUG org.springframework.test.annotation.ProfileValueUtils - Retrieved ProfileValueSource type [class org.springframework.test.annotation.SystemProfileValueSource] for class [com.hpaper.book.springboot.web.HelloControllerTest]
12:39:13.631 [Test worker] DEBUG org.springframework.test.context.support.DependencyInjectionTestExecutionListener - Performing dependency injection for test context [[DefaultTestContext@685c4c3c testClass = HelloControllerTest, testInstance = com.hpaper.book.springboot.web.HelloControllerTest@51b2226c, testMethod = [null], testException = [null], mergedContextConfiguration = [WebMergedContextConfiguration@5da89ab8 testClass = HelloControllerTest, locations = '{}', classes = '{class com.hpaper.book.springboot.Application}', contextInitializerClasses = '[]', activeProfiles = '{}', propertySourceLocations = '{}', propertySourceProperties = '{org.springframework.boot.test.autoconfigure.web.servlet.WebMvcTestContextBootstrapper=true}', contextCustomizers = set[org.springframework.boot.test.autoconfigure.OverrideAutoConfigurationContextCustomizerFactory$DisableAutoConfigurationContextCustomizer@3d83d88, org.springframework.boot.test.autoconfigure.filter.TypeExcludeFiltersContextCustomizer@dc04b994, org.springframework.boot.test.autoconfigure.properties.PropertyMappingContextCustomizer@aa7dcbcc, org.springframework.boot.test.autoconfigure.web.servlet.WebDriverContextCustomizerFactory$Customizer@259eda7a, [ImportsContextCustomizer@78e9771a key = [org.springframework.boot.autoconfigure.cache.CacheAutoConfiguration, org.springframework.boot.autoconfigure.context.MessageSourceAutoConfiguration, org.springframework.boot.autoconfigure.data.web.SpringDataWebAutoConfiguration, org.springframework.boot.autoconfigure.freemarker.FreeMarkerAutoConfiguration, org.springframework.boot.autoconfigure.groovy.template.GroovyTemplateAutoConfiguration, org.springframework.boot.autoconfigure.gson.GsonAutoConfiguration, org.springframework.boot.autoconfigure.hateoas.HypermediaAutoConfiguration, org.springframework.boot.autoconfigure.http.HttpMessageConvertersAutoConfiguration, org.springframework.boot.autoconfigure.jackson.JacksonAutoConfiguration, org.springframework.boot.autoconfigure.jsonb.JsonbAutoConfiguration, org.springframework.boot.autoconfigure.mustache.MustacheAutoConfiguration, org.springframework.boot.autoconfigure.task.TaskExecutionAutoConfiguration, org.springframework.boot.autoconfigure.thymeleaf.ThymeleafAutoConfiguration, org.springframework.boot.autoconfigure.validation.ValidationAutoConfiguration, org.springframework.boot.autoconfigure.web.servlet.error.ErrorMvcAutoConfiguration, org.springframework.boot.autoconfigure.web.servlet.WebMvcAutoConfiguration, org.springframework.boot.test.autoconfigure.web.servlet.MockMvcAutoConfiguration, org.springframework.boot.test.autoconfigure.web.servlet.MockMvcSecurityAutoConfiguration, org.springframework.boot.test.autoconfigure.web.servlet.MockMvcWebClientAutoConfiguration, org.springframework.boot.test.autoconfigure.web.servlet.MockMvcWebDriverAutoConfiguration]], org.springframework.boot.test.context.filter.ExcludeFilterContextCustomizer@75d44cea, org.springframework.boot.test.json.DuplicateJsonObjectContextCustomizerFactory$DuplicateJsonObjectContextCustomizer@2cfc9f42, org.springframework.boot.test.mock.mockito.MockitoContextCustomizer@0], resourceBasePath = 'src/main/webapp', contextLoader = 'org.springframework.boot.test.context.SpringBootContextLoader', parent = [null]], attributes = map[[empty]]]].
12:39:13.675 [Test worker] DEBUG org.springframework.test.context.support.TestPropertySourceUtils - Adding inlined properties to environment: {spring.jmx.enabled=false, org.springframework.boot.test.autoconfigure.web.servlet.WebMvcTestContextBootstrapper=true, server.port=-1}

  .   ____          _            __ _ _
 /\\ / ___'_ __ _ _(_)_ __  __ _ \ \ \ \
( ( )\___ | '_ | '_| | '_ \/ _` | \ \ \ \
 \\/  ___)| |_)| | | | | || (_| |  ) ) ) )
  '  |____| .__|_| |_|_| |_\__, | / / / /
 =========|_|==============|___/=/_/_/_/
 :: Spring Boot ::        (v2.1.7.RELEASE)

2021-07-09 12:39:13.801  INFO 11970 --- [    Test worker] c.h.b.s.web.HelloControllerTest          : Starting HelloControllerTest on nohyeonjong-ui-MacBookAir.local with PID 11970 (started by nohyeonjong in /Users/nohyeonjong/IdeaProjects/hpaperstudy1)
2021-07-09 12:39:13.804  INFO 11970 --- [    Test worker] c.h.b.s.web.HelloControllerTest          : No active profile set, falling back to default profiles: default
2021-07-09 12:39:14.481  INFO 11970 --- [    Test worker] o.s.s.concurrent.ThreadPoolTaskExecutor  : Initializing ExecutorService 'applicationTaskExecutor'
2021-07-09 12:39:14.539  INFO 11970 --- [    Test worker] o.s.b.a.w.s.WelcomePageHandlerMapping    : Adding welcome page template: index
2021-07-09 12:39:14.729  INFO 11970 --- [    Test worker] .s.s.UserDetailsServiceAutoConfiguration : 

Using generated security password: ff8fa745-accc-48ec-944f-496ab9a68a75

2021-07-09 12:39:14.810  INFO 11970 --- [    Test worker] o.s.s.web.DefaultSecurityFilterChain     : Creating filter chain: any request, [org.springframework.security.web.context.request.async.WebAsyncManagerIntegrationFilter@6cbd970a, org.springframework.security.web.context.SecurityContextPersistenceFilter@357b7bc7, org.springframework.security.web.header.HeaderWriterFilter@72b1014a, org.springframework.security.web.csrf.CsrfFilter@44235048, org.springframework.security.web.authentication.logout.LogoutFilter@2933d4e3, org.springframework.security.web.authentication.UsernamePasswordAuthenticationFilter@2f001365, org.springframework.security.web.authentication.ui.DefaultLoginPageGeneratingFilter@5a3852ec, org.springframework.security.web.authentication.ui.DefaultLogoutPageGeneratingFilter@4c6e2764, org.springframework.security.web.authentication.www.BasicAuthenticationFilter@969c413, org.springframework.security.web.savedrequest.RequestCacheAwareFilter@52408a7, org.springframework.security.web.servletapi.SecurityContextHolderAwareRequestFilter@6b317cd3, org.springframework.security.web.authentication.AnonymousAuthenticationFilter@315c8e48, org.springframework.security.web.session.SessionManagementFilter@57d17002, org.springframework.security.web.access.ExceptionTranslationFilter@31f03b, org.springframework.security.web.access.intercept.FilterSecurityInterceptor@32842f86]
2021-07-09 12:39:14.838  INFO 11970 --- [    Test worker] o.s.b.t.m.w.SpringBootMockServletContext : Initializing Spring TestDispatcherServlet ''
2021-07-09 12:39:14.838  INFO 11970 --- [    Test worker] o.s.t.web.servlet.TestDispatcherServlet  : Initializing Servlet ''
2021-07-09 12:39:14.844  INFO 11970 --- [    Test worker] o.s.t.web.servlet.TestDispatcherServlet  : Completed initialization in 6 ms
2021-07-09 12:39:14.868  INFO 11970 --- [    Test worker] c.h.b.s.web.HelloControllerTest          : Started HelloControllerTest in 1.19 seconds (JVM running for 1.621)
]]></system-out>
  <system-err><![CDATA[]]></system-err>
</testsuite>
