<?xml version="1.0" encoding="UTF-8"?>
<testsuite name="com.hpaper.book.springboot.web.HelloControllerTest" tests="2" skipped="0" failures="0" errors="0" timestamp="2021-07-07T03:33:24" hostname="nohyeonjong-ui-MacBookAir.local" time="0.151">
  <properties/>
  <testcase name="helloDto" classname="com.hpaper.book.springboot.web.HelloControllerTest" time="0.147"/>
  <testcase name="hello가_리턴된다" classname="com.hpaper.book.springboot.web.HelloControllerTest" time="0.004"/>
  <system-out><![CDATA[12:33:22.811 [Test worker] DEBUG org.springframework.test.context.junit4.SpringJUnit4ClassRunner - SpringJUnit4ClassRunner constructor called with [class com.hpaper.book.springboot.web.HelloControllerTest]
12:33:22.815 [Test worker] DEBUG org.springframework.test.context.BootstrapUtils - Instantiating CacheAwareContextLoaderDelegate from class [org.springframework.test.context.cache.DefaultCacheAwareContextLoaderDelegate]
12:33:22.818 [Test worker] DEBUG org.springframework.test.context.BootstrapUtils - Instantiating BootstrapContext using constructor [public org.springframework.test.context.support.DefaultBootstrapContext(java.lang.Class,org.springframework.test.context.CacheAwareContextLoaderDelegate)]
12:33:22.827 [Test worker] DEBUG org.springframework.test.context.BootstrapUtils - Instantiating TestContextBootstrapper for test class [com.hpaper.book.springboot.web.HelloControllerTest] from class [org.springframework.boot.test.autoconfigure.web.servlet.WebMvcTestContextBootstrapper]
12:33:22.836 [Test worker] INFO org.springframework.boot.test.autoconfigure.web.servlet.WebMvcTestContextBootstrapper - Neither @ContextConfiguration nor @ContextHierarchy found for test class [com.hpaper.book.springboot.web.HelloControllerTest], using SpringBootContextLoader
12:33:22.838 [Test worker] DEBUG org.springframework.test.context.support.AbstractContextLoader - Did not detect default resource location for test class [com.hpaper.book.springboot.web.HelloControllerTest]: class path resource [com/hpaper/book/springboot/web/HelloControllerTest-context.xml] does not exist
12:33:22.838 [Test worker] DEBUG org.springframework.test.context.support.AbstractContextLoader - Did not detect default resource location for test class [com.hpaper.book.springboot.web.HelloControllerTest]: class path resource [com/hpaper/book/springboot/web/HelloControllerTestContext.groovy] does not exist
12:33:22.838 [Test worker] INFO org.springframework.test.context.support.AbstractContextLoader - Could not detect default resource locations for test class [com.hpaper.book.springboot.web.HelloControllerTest]: no resource found for suffixes {-context.xml, Context.groovy}.
12:33:22.838 [Test worker] INFO org.springframework.test.context.support.AnnotationConfigContextLoaderUtils - Could not detect default configuration classes for test class [com.hpaper.book.springboot.web.HelloControllerTest]: HelloControllerTest does not declare any static, non-private, non-final, nested classes annotated with @Configuration.
12:33:22.870 [Test worker] DEBUG org.springframework.test.context.support.ActiveProfilesUtils - Could not find an 'annotation declaring class' for annotation type [org.springframework.test.context.ActiveProfiles] and class [com.hpaper.book.springboot.web.HelloControllerTest]
12:33:22.920 [Test worker] DEBUG org.springframework.context.annotation.ClassPathScanningCandidateComponentProvider - Identified candidate component class: file [/Users/nohyeonjong/IdeaProjects/hpaperstudy1/build/classes/java/main/com/hpaper/book/springboot/Application.class]
12:33:22.921 [Test worker] INFO org.springframework.boot.test.context.SpringBootTestContextBootstrapper - Found @SpringBootConfiguration com.hpaper.book.springboot.Application for test class com.hpaper.book.springboot.web.HelloControllerTest
12:33:22.922 [Test worker] DEBUG org.springframework.boot.test.autoconfigure.web.servlet.WebMvcTestContextBootstrapper - @TestExecutionListeners is not present for class [com.hpaper.book.springboot.web.HelloControllerTest]: using defaults.
12:33:22.922 [Test worker] INFO org.springframework.boot.test.autoconfigure.web.servlet.WebMvcTestContextBootstrapper - Loaded default TestExecutionListener class names from location [META-INF/spring.factories]: [org.springframework.security.test.context.support.WithSecurityContextTestExecutionListener, org.springframework.security.test.context.support.ReactorContextTestExecutionListener, org.springframework.boot.test.autoconfigure.restdocs.RestDocsTestExecutionListener, org.springframework.boot.test.autoconfigure.web.client.MockRestServiceServerResetTestExecutionListener, org.springframework.boot.test.autoconfigure.web.servlet.MockMvcPrintOnlyOnFailureTestExecutionListener, org.springframework.boot.test.autoconfigure.web.servlet.WebDriverTestExecutionListener, org.springframework.boot.test.mock.mockito.MockitoTestExecutionListener, org.springframework.boot.test.mock.mockito.ResetMocksTestExecutionListener, org.springframework.test.context.web.ServletTestExecutionListener, org.springframework.test.context.support.DirtiesContextBeforeModesTestExecutionListener, org.springframework.test.context.support.DependencyInjectionTestExecutionListener, org.springframework.test.context.support.DirtiesContextTestExecutionListener, org.springframework.test.context.transaction.TransactionalTestExecutionListener, org.springframework.test.context.jdbc.SqlScriptsTestExecutionListener]
12:33:22.932 [Test worker] INFO org.springframework.boot.test.autoconfigure.web.servlet.WebMvcTestContextBootstrapper - Using TestExecutionListeners: [org.springframework.test.context.web.ServletTestExecutionListener@5375d0ad, org.springframework.test.context.support.DirtiesContextBeforeModesTestExecutionListener@1a508c45, org.springframework.boot.test.mock.mockito.MockitoTestExecutionListener@54831273, org.springframework.boot.test.autoconfigure.SpringBootDependencyInjectionTestExecutionListener@4d6a413c, org.springframework.test.context.support.DirtiesContextTestExecutionListener@30671084, org.springframework.test.context.transaction.TransactionalTestExecutionListener@2e4b8069, org.springframework.test.context.jdbc.SqlScriptsTestExecutionListener@62171f59, org.springframework.security.test.context.support.WithSecurityContextTestExecutionListener@7debd186, org.springframework.security.test.context.support.ReactorContextTestExecutionListener@75001d8f, org.springframework.boot.test.autoconfigure.restdocs.RestDocsTestExecutionListener@73a838e, org.springframework.boot.test.autoconfigure.web.client.MockRestServiceServerResetTestExecutionListener@5d0da9e7, org.springframework.boot.test.autoconfigure.web.servlet.MockMvcPrintOnlyOnFailureTestExecutionListener@7ec92421, org.springframework.boot.test.autoconfigure.web.servlet.WebDriverTestExecutionListener@bd0b212, org.springframework.boot.test.mock.mockito.ResetMocksTestExecutionListener@58a56615]
12:33:22.933 [Test worker] DEBUG org.springframework.test.annotation.ProfileValueUtils - Retrieved @ProfileValueSourceConfiguration [null] for test class [com.hpaper.book.springboot.web.HelloControllerTest]
12:33:22.934 [Test worker] DEBUG org.springframework.test.annotation.ProfileValueUtils - Retrieved ProfileValueSource type [class org.springframework.test.annotation.SystemProfileValueSource] for class [com.hpaper.book.springboot.web.HelloControllerTest]
12:33:22.934 [Test worker] DEBUG org.springframework.test.annotation.ProfileValueUtils - Retrieved @ProfileValueSourceConfiguration [null] for test class [com.hpaper.book.springboot.web.HelloControllerTest]
12:33:22.934 [Test worker] DEBUG org.springframework.test.annotation.ProfileValueUtils - Retrieved ProfileValueSource type [class org.springframework.test.annotation.SystemProfileValueSource] for class [com.hpaper.book.springboot.web.HelloControllerTest]
12:33:22.936 [Test worker] DEBUG org.springframework.test.context.support.AbstractDirtiesContextTestExecutionListener - Before test class: context [DefaultTestContext@29d00fd3 testClass = HelloControllerTest, testInstance = [null], testMethod = [null], testException = [null], mergedContextConfiguration = [WebMergedContextConfiguration@7543d05e testClass = HelloControllerTest, locations = '{}', classes = '{class com.hpaper.book.springboot.Application}', contextInitializerClasses = '[]', activeProfiles = '{}', propertySourceLocations = '{}', propertySourceProperties = '{org.springframework.boot.test.autoconfigure.web.servlet.WebMvcTestContextBootstrapper=true}', contextCustomizers = set[org.springframework.boot.test.autoconfigure.OverrideAutoConfigurationContextCustomizerFactory$DisableAutoConfigurationContextCustomizer@37b29d56, org.springframework.boot.test.autoconfigure.filter.TypeExcludeFiltersContextCustomizer@9f0d6b45, org.springframework.boot.test.autoconfigure.properties.PropertyMappingContextCustomizer@c03aed6b, org.springframework.boot.test.autoconfigure.web.servlet.WebDriverContextCustomizerFactory$Customizer@788d8584, [ImportsContextCustomizer@624f6aac key = [org.springframework.boot.autoconfigure.cache.CacheAutoConfiguration, org.springframework.boot.autoconfigure.context.MessageSourceAutoConfiguration, org.springframework.boot.autoconfigure.data.web.SpringDataWebAutoConfiguration, org.springframework.boot.autoconfigure.freemarker.FreeMarkerAutoConfiguration, org.springframework.boot.autoconfigure.groovy.template.GroovyTemplateAutoConfiguration, org.springframework.boot.autoconfigure.gson.GsonAutoConfiguration, org.springframework.boot.autoconfigure.hateoas.HypermediaAutoConfiguration, org.springframework.boot.autoconfigure.http.HttpMessageConvertersAutoConfiguration, org.springframework.boot.autoconfigure.jackson.JacksonAutoConfiguration, org.springframework.boot.autoconfigure.jsonb.JsonbAutoConfiguration, org.springframework.boot.autoconfigure.mustache.MustacheAutoConfiguration, org.springframework.boot.autoconfigure.task.TaskExecutionAutoConfiguration, org.springframework.boot.autoconfigure.thymeleaf.ThymeleafAutoConfiguration, org.springframework.boot.autoconfigure.validation.ValidationAutoConfiguration, org.springframework.boot.autoconfigure.web.servlet.error.ErrorMvcAutoConfiguration, org.springframework.boot.autoconfigure.web.servlet.WebMvcAutoConfiguration, org.springframework.boot.test.autoconfigure.web.servlet.MockMvcAutoConfiguration, org.springframework.boot.test.autoconfigure.web.servlet.MockMvcSecurityAutoConfiguration, org.springframework.boot.test.autoconfigure.web.servlet.MockMvcWebClientAutoConfiguration, org.springframework.boot.test.autoconfigure.web.servlet.MockMvcWebDriverAutoConfiguration]], org.springframework.boot.test.context.filter.ExcludeFilterContextCustomizer@11f4cd99, org.springframework.boot.test.json.DuplicateJsonObjectContextCustomizerFactory$DuplicateJsonObjectContextCustomizer@7440a8b0, org.springframework.boot.test.mock.mockito.MockitoContextCustomizer@0], resourceBasePath = 'src/main/webapp', contextLoader = 'org.springframework.boot.test.context.SpringBootContextLoader', parent = [null]], attributes = map[[empty]]], class annotated with @DirtiesContext [false] with mode [null].
12:33:22.937 [Test worker] DEBUG org.springframework.test.annotation.ProfileValueUtils - Retrieved @ProfileValueSourceConfiguration [null] for test class [com.hpaper.book.springboot.web.HelloControllerTest]
12:33:22.937 [Test worker] DEBUG org.springframework.test.annotation.ProfileValueUtils - Retrieved ProfileValueSource type [class org.springframework.test.annotation.SystemProfileValueSource] for class [com.hpaper.book.springboot.web.HelloControllerTest]
12:33:22.940 [Test worker] DEBUG org.springframework.test.context.support.DependencyInjectionTestExecutionListener - Performing dependency injection for test context [[DefaultTestContext@29d00fd3 testClass = HelloControllerTest, testInstance = com.hpaper.book.springboot.web.HelloControllerTest@7ad62b7, testMethod = [null], testException = [null], mergedContextConfiguration = [WebMergedContextConfiguration@7543d05e testClass = HelloControllerTest, locations = '{}', classes = '{class com.hpaper.book.springboot.Application}', contextInitializerClasses = '[]', activeProfiles = '{}', propertySourceLocations = '{}', propertySourceProperties = '{org.springframework.boot.test.autoconfigure.web.servlet.WebMvcTestContextBootstrapper=true}', contextCustomizers = set[org.springframework.boot.test.autoconfigure.OverrideAutoConfigurationContextCustomizerFactory$DisableAutoConfigurationContextCustomizer@37b29d56, org.springframework.boot.test.autoconfigure.filter.TypeExcludeFiltersContextCustomizer@9f0d6b45, org.springframework.boot.test.autoconfigure.properties.PropertyMappingContextCustomizer@c03aed6b, org.springframework.boot.test.autoconfigure.web.servlet.WebDriverContextCustomizerFactory$Customizer@788d8584, [ImportsContextCustomizer@624f6aac key = [org.springframework.boot.autoconfigure.cache.CacheAutoConfiguration, org.springframework.boot.autoconfigure.context.MessageSourceAutoConfiguration, org.springframework.boot.autoconfigure.data.web.SpringDataWebAutoConfiguration, org.springframework.boot.autoconfigure.freemarker.FreeMarkerAutoConfiguration, org.springframework.boot.autoconfigure.groovy.template.GroovyTemplateAutoConfiguration, org.springframework.boot.autoconfigure.gson.GsonAutoConfiguration, org.springframework.boot.autoconfigure.hateoas.HypermediaAutoConfiguration, org.springframework.boot.autoconfigure.http.HttpMessageConvertersAutoConfiguration, org.springframework.boot.autoconfigure.jackson.JacksonAutoConfiguration, org.springframework.boot.autoconfigure.jsonb.JsonbAutoConfiguration, org.springframework.boot.autoconfigure.mustache.MustacheAutoConfiguration, org.springframework.boot.autoconfigure.task.TaskExecutionAutoConfiguration, org.springframework.boot.autoconfigure.thymeleaf.ThymeleafAutoConfiguration, org.springframework.boot.autoconfigure.validation.ValidationAutoConfiguration, org.springframework.boot.autoconfigure.web.servlet.error.ErrorMvcAutoConfiguration, org.springframework.boot.autoconfigure.web.servlet.WebMvcAutoConfiguration, org.springframework.boot.test.autoconfigure.web.servlet.MockMvcAutoConfiguration, org.springframework.boot.test.autoconfigure.web.servlet.MockMvcSecurityAutoConfiguration, org.springframework.boot.test.autoconfigure.web.servlet.MockMvcWebClientAutoConfiguration, org.springframework.boot.test.autoconfigure.web.servlet.MockMvcWebDriverAutoConfiguration]], org.springframework.boot.test.context.filter.ExcludeFilterContextCustomizer@11f4cd99, org.springframework.boot.test.json.DuplicateJsonObjectContextCustomizerFactory$DuplicateJsonObjectContextCustomizer@7440a8b0, org.springframework.boot.test.mock.mockito.MockitoContextCustomizer@0], resourceBasePath = 'src/main/webapp', contextLoader = 'org.springframework.boot.test.context.SpringBootContextLoader', parent = [null]], attributes = map[[empty]]]].
12:33:22.992 [Test worker] DEBUG org.springframework.test.context.support.TestPropertySourceUtils - Adding inlined properties to environment: {spring.jmx.enabled=false, org.springframework.boot.test.autoconfigure.web.servlet.WebMvcTestContextBootstrapper=true, server.port=-1}

  .   ____          _            __ _ _
 /\\ / ___'_ __ _ _(_)_ __  __ _ \ \ \ \
( ( )\___ | '_ | '_| | '_ \/ _` | \ \ \ \
 \\/  ___)| |_)| | | | | || (_| |  ) ) ) )
  '  |____| .__|_| |_|_| |_\__, | / / / /
 =========|_|==============|___/=/_/_/_/
 :: Spring Boot ::        (v2.1.7.RELEASE)

2021-07-07 12:33:23.120  INFO 8320 --- [    Test worker] c.h.b.s.web.HelloControllerTest          : Starting HelloControllerTest on nohyeonjong-ui-MacBookAir.local with PID 8320 (started by nohyeonjong in /Users/nohyeonjong/IdeaProjects/hpaperstudy1)
2021-07-07 12:33:23.121  INFO 8320 --- [    Test worker] c.h.b.s.web.HelloControllerTest          : No active profile set, falling back to default profiles: default
2021-07-07 12:33:23.764  INFO 8320 --- [    Test worker] o.s.s.concurrent.ThreadPoolTaskExecutor  : Initializing ExecutorService 'applicationTaskExecutor'
2021-07-07 12:33:23.807  INFO 8320 --- [    Test worker] o.s.b.a.w.s.WelcomePageHandlerMapping    : Adding welcome page template: index
2021-07-07 12:33:23.953  INFO 8320 --- [    Test worker] .s.s.UserDetailsServiceAutoConfiguration : 

Using generated security password: ee7bc5d5-8a37-4460-9d11-f28be1ce3a4c

2021-07-07 12:33:24.077  INFO 8320 --- [    Test worker] o.s.s.web.DefaultSecurityFilterChain     : Creating filter chain: any request, [org.springframework.security.web.context.request.async.WebAsyncManagerIntegrationFilter@43cd4850, org.springframework.security.web.context.SecurityContextPersistenceFilter@a844c2, org.springframework.security.web.header.HeaderWriterFilter@4c6d1805, org.springframework.security.web.csrf.CsrfFilter@58effd93, org.springframework.security.web.authentication.logout.LogoutFilter@2dfba995, org.springframework.security.web.authentication.UsernamePasswordAuthenticationFilter@715986ac, org.springframework.security.web.authentication.ui.DefaultLoginPageGeneratingFilter@3107873a, org.springframework.security.web.authentication.ui.DefaultLogoutPageGeneratingFilter@7b74c4ab, org.springframework.security.web.authentication.www.BasicAuthenticationFilter@5383f4ee, org.springframework.security.web.savedrequest.RequestCacheAwareFilter@7d00f784, org.springframework.security.web.servletapi.SecurityContextHolderAwareRequestFilter@520ab95e, org.springframework.security.web.authentication.AnonymousAuthenticationFilter@a14e2b3, org.springframework.security.web.session.SessionManagementFilter@2e1314c5, org.springframework.security.web.access.ExceptionTranslationFilter@4adea550, org.springframework.security.web.access.intercept.FilterSecurityInterceptor@5957c15b]
2021-07-07 12:33:24.107  INFO 8320 --- [    Test worker] o.s.b.t.m.w.SpringBootMockServletContext : Initializing Spring TestDispatcherServlet ''
2021-07-07 12:33:24.107  INFO 8320 --- [    Test worker] o.s.t.web.servlet.TestDispatcherServlet  : Initializing Servlet ''
2021-07-07 12:33:24.112  INFO 8320 --- [    Test worker] o.s.t.web.servlet.TestDispatcherServlet  : Completed initialization in 5 ms
2021-07-07 12:33:24.135  INFO 8320 --- [    Test worker] c.h.b.s.web.HelloControllerTest          : Started HelloControllerTest in 1.137 seconds (JVM running for 1.595)
]]></system-out>
  <system-err><![CDATA[]]></system-err>
</testsuite>
